Determining if the pthread_create exist failed with the following output:
Change Dir: /home/dilucia/catkin_ws/build_isolated/ros_erle_imu/CMakeFiles/CMakeTmp

Run Build Command:/usr/bin/make "cmTryCompileExec4027239374/fast"
/usr/bin/make -f CMakeFiles/cmTryCompileExec4027239374.dir/build.make CMakeFiles/cmTryCompileExec4027239374.dir/build
make[1]: Entering directory `/home/dilucia/catkin_ws/build_isolated/ros_erle_imu/CMakeFiles/CMakeTmp'
/usr/bin/cmake -E cmake_progress_report /home/dilucia/catkin_ws/build_isolated/ros_erle_imu/CMakeFiles/CMakeTmp/CMakeFiles 1
Building C object CMakeFiles/cmTryCompileExec4027239374.dir/CheckSymbolExists.c.o
/usr/bin/cc    -o CMakeFiles/cmTryCompileExec4027239374.dir/CheckSymbolExists.c.o   -c /home/dilucia/catkin_ws/build_isolated/ros_erle_imu/CMakeFiles/CMakeTmp/CheckSymbolExists.c
Linking C executable cmTryCompileExec4027239374
/usr/bin/cmake -E cmake_link_script CMakeFiles/cmTryCompileExec4027239374.dir/link.txt --verbose=1
/usr/bin/cc       CMakeFiles/cmTryCompileExec4027239374.dir/CheckSymbolExists.c.o  -o cmTryCompileExec4027239374 -rdynamic 
CMakeFiles/cmTryCompileExec4027239374.dir/CheckSymbolExists.c.o: In function `main':
CheckSymbolExists.c:(.text+0x16): undefined reference to `pthread_create'
collect2: error: ld returned 1 exit status
make[1]: Leaving directory `/home/dilucia/catkin_ws/build_isolated/ros_erle_imu/CMakeFiles/CMakeTmp'
make[1]: *** [cmTryCompileExec4027239374] Error 1
make: *** [cmTryCompileExec4027239374/fast] Error 2

File /home/dilucia/catkin_ws/build_isolated/ros_erle_imu/CMakeFiles/CMakeTmp/CheckSymbolExists.c:
/* */
#include <pthread.h>

int main(int argc, char** argv)
{
  (void)argv;
#ifndef pthread_create
  return ((int*)(&pthread_create))[argc];
#else
  (void)argc;
  return 0;
#endif
}

Determining if the function pthread_create exists in the pthreads failed with the following output:
Change Dir: /home/dilucia/catkin_ws/build_isolated/ros_erle_imu/CMakeFiles/CMakeTmp

Run Build Command:/usr/bin/make "cmTryCompileExec2771086124/fast"
/usr/bin/make -f CMakeFiles/cmTryCompileExec2771086124.dir/build.make CMakeFiles/cmTryCompileExec2771086124.dir/build
make[1]: Entering directory `/home/dilucia/catkin_ws/build_isolated/ros_erle_imu/CMakeFiles/CMakeTmp'
/usr/bin/cmake -E cmake_progress_report /home/dilucia/catkin_ws/build_isolated/ros_erle_imu/CMakeFiles/CMakeTmp/CMakeFiles 1
Building C object CMakeFiles/cmTryCompileExec2771086124.dir/CheckFunctionExists.c.o
/usr/bin/cc   -DCHECK_FUNCTION_EXISTS=pthread_create   -o CMakeFiles/cmTryCompileExec2771086124.dir/CheckFunctionExists.c.o   -c /usr/share/cmake-2.8/Modules/CheckFunctionExists.c
Linking C executable cmTryCompileExec2771086124
/usr/bin/cmake -E cmake_link_script CMakeFiles/cmTryCompileExec2771086124.dir/link.txt --verbose=1
/usr/bin/cc   -DCHECK_FUNCTION_EXISTS=pthread_create    CMakeFiles/cmTryCompileExec2771086124.dir/CheckFunctionExists.c.o  -o cmTryCompileExec2771086124 -rdynamic -lpthreads 
/usr/bin/ld: cannot find -lpthreads
collect2: error: ld returned 1 exit status
make[1]: Leaving directory `/home/dilucia/catkin_ws/build_isolated/ros_erle_imu/CMakeFiles/CMakeTmp'
make[1]: *** [cmTryCompileExec2771086124] Error 1
make: *** [cmTryCompileExec2771086124/fast] Error 2


