Determining if the pthread_create exist failed with the following output:
Change Dir: /home/dilucia/catkin_ws/build_isolated/ros_hello_erle/CMakeFiles/CMakeTmp

Run Build Command:/usr/bin/make "cmTryCompileExec727834445/fast"
/usr/bin/make -f CMakeFiles/cmTryCompileExec727834445.dir/build.make CMakeFiles/cmTryCompileExec727834445.dir/build
make[1]: Entering directory `/home/dilucia/catkin_ws/build_isolated/ros_hello_erle/CMakeFiles/CMakeTmp'
/usr/bin/cmake -E cmake_progress_report /home/dilucia/catkin_ws/build_isolated/ros_hello_erle/CMakeFiles/CMakeTmp/CMakeFiles 1
Building C object CMakeFiles/cmTryCompileExec727834445.dir/CheckSymbolExists.c.o
/usr/bin/cc    -o CMakeFiles/cmTryCompileExec727834445.dir/CheckSymbolExists.c.o   -c /home/dilucia/catkin_ws/build_isolated/ros_hello_erle/CMakeFiles/CMakeTmp/CheckSymbolExists.c
Linking C executable cmTryCompileExec727834445
/usr/bin/cmake -E cmake_link_script CMakeFiles/cmTryCompileExec727834445.dir/link.txt --verbose=1
/usr/bin/cc       CMakeFiles/cmTryCompileExec727834445.dir/CheckSymbolExists.c.o  -o cmTryCompileExec727834445 -rdynamic 
CMakeFiles/cmTryCompileExec727834445.dir/CheckSymbolExists.c.o: In function `main':
CheckSymbolExists.c:(.text+0x16): undefined reference to `pthread_create'
collect2: error: ld returned 1 exit status
make[1]: Leaving directory `/home/dilucia/catkin_ws/build_isolated/ros_hello_erle/CMakeFiles/CMakeTmp'
make[1]: *** [cmTryCompileExec727834445] Error 1
make: *** [cmTryCompileExec727834445/fast] Error 2

File /home/dilucia/catkin_ws/build_isolated/ros_hello_erle/CMakeFiles/CMakeTmp/CheckSymbolExists.c:
/* */
#include <pthread.h>

int main(int argc, char** argv)
{
  (void)argv;
#ifndef pthread_create
  return ((int*)(&pthread_create))[argc];
#else
  (void)argc;
  return 0;
#endif
}

Determining if the function pthread_create exists in the pthreads failed with the following output:
Change Dir: /home/dilucia/catkin_ws/build_isolated/ros_hello_erle/CMakeFiles/CMakeTmp

Run Build Command:/usr/bin/make "cmTryCompileExec278843660/fast"
/usr/bin/make -f CMakeFiles/cmTryCompileExec278843660.dir/build.make CMakeFiles/cmTryCompileExec278843660.dir/build
make[1]: Entering directory `/home/dilucia/catkin_ws/build_isolated/ros_hello_erle/CMakeFiles/CMakeTmp'
/usr/bin/cmake -E cmake_progress_report /home/dilucia/catkin_ws/build_isolated/ros_hello_erle/CMakeFiles/CMakeTmp/CMakeFiles 1
Building C object CMakeFiles/cmTryCompileExec278843660.dir/CheckFunctionExists.c.o
/usr/bin/cc   -DCHECK_FUNCTION_EXISTS=pthread_create   -o CMakeFiles/cmTryCompileExec278843660.dir/CheckFunctionExists.c.o   -c /usr/share/cmake-2.8/Modules/CheckFunctionExists.c
Linking C executable cmTryCompileExec278843660
/usr/bin/cmake -E cmake_link_script CMakeFiles/cmTryCompileExec278843660.dir/link.txt --verbose=1
/usr/bin/cc   -DCHECK_FUNCTION_EXISTS=pthread_create    CMakeFiles/cmTryCompileExec278843660.dir/CheckFunctionExists.c.o  -o cmTryCompileExec278843660 -rdynamic -lpthreads 
/usr/bin/ld: cannot find -lpthreads
collect2: error: ld returned 1 exit status
make[1]: Leaving directory `/home/dilucia/catkin_ws/build_isolated/ros_hello_erle/CMakeFiles/CMakeTmp'
make[1]: *** [cmTryCompileExec278843660] Error 1
make: *** [cmTryCompileExec278843660/fast] Error 2


