Determining if the pthread_create exist failed with the following output:
Change Dir: /home/dilucia/catkin_ws/build_isolated/arbotix_sensors/CMakeFiles/CMakeTmp

Run Build Command:/usr/bin/make "cmTryCompileExec3501509436/fast"
/usr/bin/make -f CMakeFiles/cmTryCompileExec3501509436.dir/build.make CMakeFiles/cmTryCompileExec3501509436.dir/build
make[1]: Entering directory `/home/dilucia/catkin_ws/build_isolated/arbotix_sensors/CMakeFiles/CMakeTmp'
/usr/bin/cmake -E cmake_progress_report /home/dilucia/catkin_ws/build_isolated/arbotix_sensors/CMakeFiles/CMakeTmp/CMakeFiles 1
Building C object CMakeFiles/cmTryCompileExec3501509436.dir/CheckSymbolExists.c.o
/usr/bin/cc    -o CMakeFiles/cmTryCompileExec3501509436.dir/CheckSymbolExists.c.o   -c /home/dilucia/catkin_ws/build_isolated/arbotix_sensors/CMakeFiles/CMakeTmp/CheckSymbolExists.c
Linking C executable cmTryCompileExec3501509436
/usr/bin/cmake -E cmake_link_script CMakeFiles/cmTryCompileExec3501509436.dir/link.txt --verbose=1
/usr/bin/cc       CMakeFiles/cmTryCompileExec3501509436.dir/CheckSymbolExists.c.o  -o cmTryCompileExec3501509436 -rdynamic 
CMakeFiles/cmTryCompileExec3501509436.dir/CheckSymbolExists.c.o: In function `main':
CheckSymbolExists.c:(.text+0x16): undefined reference to `pthread_create'
collect2: error: ld returned 1 exit status
make[1]: Leaving directory `/home/dilucia/catkin_ws/build_isolated/arbotix_sensors/CMakeFiles/CMakeTmp'
make[1]: *** [cmTryCompileExec3501509436] Error 1
make: *** [cmTryCompileExec3501509436/fast] Error 2

File /home/dilucia/catkin_ws/build_isolated/arbotix_sensors/CMakeFiles/CMakeTmp/CheckSymbolExists.c:
/* */
#include <pthread.h>

int main(int argc, char** argv)
{
  (void)argv;
#ifndef pthread_create
  return ((int*)(&pthread_create))[argc];
#else
  (void)argc;
  return 0;
#endif
}

Determining if the function pthread_create exists in the pthreads failed with the following output:
Change Dir: /home/dilucia/catkin_ws/build_isolated/arbotix_sensors/CMakeFiles/CMakeTmp

Run Build Command:/usr/bin/make "cmTryCompileExec3676416743/fast"
/usr/bin/make -f CMakeFiles/cmTryCompileExec3676416743.dir/build.make CMakeFiles/cmTryCompileExec3676416743.dir/build
make[1]: Entering directory `/home/dilucia/catkin_ws/build_isolated/arbotix_sensors/CMakeFiles/CMakeTmp'
/usr/bin/cmake -E cmake_progress_report /home/dilucia/catkin_ws/build_isolated/arbotix_sensors/CMakeFiles/CMakeTmp/CMakeFiles 1
Building C object CMakeFiles/cmTryCompileExec3676416743.dir/CheckFunctionExists.c.o
/usr/bin/cc   -DCHECK_FUNCTION_EXISTS=pthread_create   -o CMakeFiles/cmTryCompileExec3676416743.dir/CheckFunctionExists.c.o   -c /usr/share/cmake-2.8/Modules/CheckFunctionExists.c
Linking C executable cmTryCompileExec3676416743
/usr/bin/cmake -E cmake_link_script CMakeFiles/cmTryCompileExec3676416743.dir/link.txt --verbose=1
/usr/bin/cc   -DCHECK_FUNCTION_EXISTS=pthread_create    CMakeFiles/cmTryCompileExec3676416743.dir/CheckFunctionExists.c.o  -o cmTryCompileExec3676416743 -rdynamic -lpthreads 
/usr/bin/ld: cannot find -lpthreads
collect2: error: ld returned 1 exit status
make[1]: Leaving directory `/home/dilucia/catkin_ws/build_isolated/arbotix_sensors/CMakeFiles/CMakeTmp'
make[1]: *** [cmTryCompileExec3676416743] Error 1
make: *** [cmTryCompileExec3676416743/fast] Error 2


