Determining if the pthread_create exist failed with the following output:
Change Dir: /home/dilucia/catkin_ws/build_isolated/arm_control/CMakeFiles/CMakeTmp

Run Build Command:/usr/bin/make "cmTryCompileExec3923828686/fast"
/usr/bin/make -f CMakeFiles/cmTryCompileExec3923828686.dir/build.make CMakeFiles/cmTryCompileExec3923828686.dir/build
make[1]: Entering directory `/home/dilucia/catkin_ws/build_isolated/arm_control/CMakeFiles/CMakeTmp'
/usr/bin/cmake -E cmake_progress_report /home/dilucia/catkin_ws/build_isolated/arm_control/CMakeFiles/CMakeTmp/CMakeFiles 1
Building C object CMakeFiles/cmTryCompileExec3923828686.dir/CheckSymbolExists.c.o
/usr/bin/cc    -o CMakeFiles/cmTryCompileExec3923828686.dir/CheckSymbolExists.c.o   -c /home/dilucia/catkin_ws/build_isolated/arm_control/CMakeFiles/CMakeTmp/CheckSymbolExists.c
Linking C executable cmTryCompileExec3923828686
/usr/bin/cmake -E cmake_link_script CMakeFiles/cmTryCompileExec3923828686.dir/link.txt --verbose=1
/usr/bin/cc       CMakeFiles/cmTryCompileExec3923828686.dir/CheckSymbolExists.c.o  -o cmTryCompileExec3923828686 -rdynamic 
CMakeFiles/cmTryCompileExec3923828686.dir/CheckSymbolExists.c.o: In function `main':
CheckSymbolExists.c:(.text+0x16): undefined reference to `pthread_create'
collect2: error: ld returned 1 exit status
make[1]: Leaving directory `/home/dilucia/catkin_ws/build_isolated/arm_control/CMakeFiles/CMakeTmp'
make[1]: *** [cmTryCompileExec3923828686] Error 1
make: *** [cmTryCompileExec3923828686/fast] Error 2

File /home/dilucia/catkin_ws/build_isolated/arm_control/CMakeFiles/CMakeTmp/CheckSymbolExists.c:
/* */
#include <pthread.h>

int main(int argc, char** argv)
{
  (void)argv;
#ifndef pthread_create
  return ((int*)(&pthread_create))[argc];
#else
  (void)argc;
  return 0;
#endif
}

Determining if the function pthread_create exists in the pthreads failed with the following output:
Change Dir: /home/dilucia/catkin_ws/build_isolated/arm_control/CMakeFiles/CMakeTmp

Run Build Command:/usr/bin/make "cmTryCompileExec3018972730/fast"
/usr/bin/make -f CMakeFiles/cmTryCompileExec3018972730.dir/build.make CMakeFiles/cmTryCompileExec3018972730.dir/build
make[1]: Entering directory `/home/dilucia/catkin_ws/build_isolated/arm_control/CMakeFiles/CMakeTmp'
/usr/bin/cmake -E cmake_progress_report /home/dilucia/catkin_ws/build_isolated/arm_control/CMakeFiles/CMakeTmp/CMakeFiles 1
Building C object CMakeFiles/cmTryCompileExec3018972730.dir/CheckFunctionExists.c.o
/usr/bin/cc   -DCHECK_FUNCTION_EXISTS=pthread_create   -o CMakeFiles/cmTryCompileExec3018972730.dir/CheckFunctionExists.c.o   -c /usr/share/cmake-2.8/Modules/CheckFunctionExists.c
Linking C executable cmTryCompileExec3018972730
/usr/bin/cmake -E cmake_link_script CMakeFiles/cmTryCompileExec3018972730.dir/link.txt --verbose=1
/usr/bin/cc   -DCHECK_FUNCTION_EXISTS=pthread_create    CMakeFiles/cmTryCompileExec3018972730.dir/CheckFunctionExists.c.o  -o cmTryCompileExec3018972730 -rdynamic -lpthreads 
/usr/bin/ld: cannot find -lpthreads
collect2: error: ld returned 1 exit status
make[1]: *** [cmTryCompileExec3018972730] Error 1
make[1]: Leaving directory `/home/dilucia/catkin_ws/build_isolated/arm_control/CMakeFiles/CMakeTmp'
make: *** [cmTryCompileExec3018972730/fast] Error 2


